e:\数据结构\consoleapplication1\consoleapplication1\debug\consoleapplication1.pch
e:\数据结构\consoleapplication1\consoleapplication1\debug\vc140.pdb
e:\数据结构\consoleapplication1\consoleapplication1\debug\vc140.idb
e:\数据结构\consoleapplication1\consoleapplication1\debug\stdafx.obj
e:\数据结构\consoleapplication1\consoleapplication1\debug\consoleapplication1.obj
e:\数据结构\consoleapplication1\debug\consoleapplication1.ilk
e:\数据结构\consoleapplication1\debug\consoleapplication1.exe
e:\数据结构\consoleapplication1\debug\consoleapplication1.pdb
e:\数据结构\石英钟\consoleapplication1\debug\consoleapplication1.obj
e:\数据结构\石英钟\consoleapplication1\debug\stdafx.obj
e:\数据结构\石英钟\consoleapplication1\debug\consoleapplication1.pch
e:\数据结构\石英钟\consoleapplication1\debug\vc140.idb
e:\数据结构\石英钟\consoleapplication1\debug\vc140.pdb
e:\数据结构\石英钟\debug\consoleapplication1.pdb
e:\数据结构\石英钟\debug\consoleapplication1.exe
e:\数据结构\石英钟\debug\consoleapplication1.ilk
e:\数据结构\石英钟\consoleapplication1\debug\consolea.aa584939.tlog\cl.command.1.tlog
e:\数据结构\石英钟\consoleapplication1\debug\consolea.aa584939.tlog\cl.read.1.tlog
e:\数据结构\石英钟\consoleapplication1\debug\consolea.aa584939.tlog\cl.write.1.tlog
e:\数据结构\石英钟\consoleapplication1\debug\consolea.aa584939.tlog\link.command.1.tlog
e:\数据结构\石英钟\consoleapplication1\debug\consolea.aa584939.tlog\link.read.1.tlog
e:\数据结构\石英钟\consoleapplication1\debug\consolea.aa584939.tlog\link.write.1.tlog
